<?xml version="1.0" encoding="UTF-8"?>
<!-- Generated by org.testng.reporters.JUnitReportReporter -->
<testsuite skipped="3" hostname="Rajesh-IN11" name="com.indusos.plusi.Wowmain" tests="4" failures="0" timestamp="13 Jun 2018 14:34:10 GMT" time="9.482" errors="1">
  <testcase name="SwipeTest1" time="9.482" classname="com.indusos.plusi.Wowmain">
    <error type="org.openqa.selenium.remote.SessionNotFoundException" message="A session is either terminated or not started (WARNING: The server did not provide any stacktrace information)
Command duration or timeout: 16 milliseconds
Build info: version: &#039;2.53.0&#039;, revision: &#039;35ae25b1534ae328c771e0856c93e187490ca824&#039;, time: &#039;2016-03-15 10:43:46&#039;
System info: host: &#039;Rajesh-IN11&#039;, ip: &#039;192.168.1.39&#039;, os.name: &#039;Windows 10&#039;, os.arch: &#039;amd64&#039;, os.version: &#039;10.0&#039;, java.version: &#039;1.8.0_152&#039;
Driver info: io.appium.java_client.android.AndroidDriver
Capabilities [{appPackage=com.android.vending, deviceScreenSize=720x1280, networkConnectionEnabled=true, warnings={}, databaseEnabled=false, deviceName=0123456789ABCDEF, platform=LINUX, deviceUDID=0123456789ABCDEF, appActivity=com.android.vending.AssetBrowserActivity, desired={appPackage=com.android.vending, appActivity=com.android.vending.AssetBrowserActivity, platformVersion=6.0, platformName=Android, deviceName=WCYDCUJ7ZTRGMNWO}, platformVersion=6.0, webStorageEnabled=false, locationContextEnabled=false, takesScreenshot=true, javascriptEnabled=true, deviceModel=Micromax Q386, platformName=Android, deviceManufacturer=Micromax}]
Session ID: 135bde51-76d7-4db4-be1a-877b69b3da3e">
      <![CDATA[org.openqa.selenium.remote.SessionNotFoundException: A session is either terminated or not started (WARNING: The server did not provide any stacktrace information)Command duration or timeout: 16 millisecondsBuild info: version: '2.53.0', revision: '35ae25b1534ae328c771e0856c93e187490ca824', time: '2016-03-15 10:43:46'System info: host: 'Rajesh-IN11', ip: '192.168.1.39', os.name: 'Windows 10', os.arch: 'amd64', os.version: '10.0', java.version: '1.8.0_152'Driver info: io.appium.java_client.android.AndroidDriverCapabilities [{appPackage=com.android.vending, deviceScreenSize=720x1280, networkConnectionEnabled=true, warnings={}, databaseEnabled=false, deviceName=0123456789ABCDEF, platform=LINUX, deviceUDID=0123456789ABCDEF, appActivity=com.android.vending.AssetBrowserActivity, desired={appPackage=com.android.vending, appActivity=com.android.vending.AssetBrowserActivity, platformVersion=6.0, platformName=Android, deviceName=WCYDCUJ7ZTRGMNWO}, platformVersion=6.0, webStorageEnabled=false, locationContextEnabled=false, takesScreenshot=true, javascriptEnabled=true, deviceModel=Micromax Q386, platformName=Android, deviceManufacturer=Micromax}]Session ID: 135bde51-76d7-4db4-be1a-877b69b3da3eat sun.reflect.NativeConstructorAccessorImpl.newInstance0(Native Method)at sun.reflect.NativeConstructorAccessorImpl.newInstance(Unknown Source)at sun.reflect.DelegatingConstructorAccessorImpl.newInstance(Unknown Source)at java.lang.reflect.Constructor.newInstance(Unknown Source)at org.openqa.selenium.remote.ErrorHandler.createThrowable(ErrorHandler.java:206)at org.openqa.selenium.remote.ErrorHandler.throwIfResponseFailed(ErrorHandler.java:158)at org.openqa.selenium.remote.RemoteWebDriver.execute(RemoteWebDriver.java:678)at io.appium.java_client.DefaultGenericMobileDriver.execute(DefaultGenericMobileDriver.java:40)at io.appium.java_client.AppiumDriver.execute(AppiumDriver.java:1)at io.appium.java_client.android.AndroidDriver.execute(AndroidDriver.java:1)at io.appium.java_client.AppiumDriver.performTouchAction(AppiumDriver.java:336)at io.appium.java_client.TouchAction.perform(TouchAction.java:323)at io.appium.java_client.AppiumDriver.doSwipe(AppiumDriver.java:383)at io.appium.java_client.android.AndroidDriver.swipe(AndroidDriver.java:186)at com.indusos.plusi.PageNavigation.Scrollleft(PageNavigation.java:29)at com.indusos.plusi.Wowmain.SwipeTest1(Wowmain.java:69)at sun.reflect.NativeMethodAccessorImpl.invoke0(Native Method)at sun.reflect.NativeMethodAccessorImpl.invoke(Unknown Source)at sun.reflect.DelegatingMethodAccessorImpl.invoke(Unknown Source)at java.lang.reflect.Method.invoke(Unknown Source)at org.testng.internal.MethodInvocationHelper.invokeMethod(MethodInvocationHelper.java:124)at org.testng.internal.Invoker.invokeMethod(Invoker.java:571)at org.testng.internal.Invoker.invokeTestMethod(Invoker.java:707)at org.testng.internal.Invoker.invokeTestMethods(Invoker.java:979)at org.testng.internal.TestMethodWorker.invokeTestMethods(TestMethodWorker.java:125)at org.testng.internal.TestMethodWorker.run(TestMethodWorker.java:109)at org.testng.TestRunner.privateRun(TestRunner.java:648)at org.testng.TestRunner.run(TestRunner.java:505)at org.testng.SuiteRunner.runTest(SuiteRunner.java:455)at org.testng.SuiteRunner.runSequentially(SuiteRunner.java:450)at org.testng.SuiteRunner.privateRun(SuiteRunner.java:415)at org.testng.SuiteRunner.run(SuiteRunner.java:364)at org.testng.SuiteRunnerWorker.runSuite(SuiteRunnerWorker.java:52)at org.testng.SuiteRunnerWorker.run(SuiteRunnerWorker.java:84)at org.testng.TestNG.runSuitesSequentially(TestNG.java:1187)at org.testng.TestNG.runSuitesLocally(TestNG.java:1116)at org.testng.TestNG.runSuites(TestNG.java:1028)at org.testng.TestNG.run(TestNG.java:996)at org.testng.remote.AbstractRemoteTestNG.run(AbstractRemoteTestNG.java:114)at org.testng.remote.RemoteTestNG.initAndRun(RemoteTestNG.java:251)at org.testng.remote.RemoteTestNG.main(RemoteTestNG.java:77)]]>
    </error>
  </testcase> <!-- SwipeTest1 -->
  <testcase name="clickTestGame" classname="com.indusos.plusi.Wowmain">
    <skipped/>
  </testcase> <!-- clickTestGame -->
  <testcase name="ScrollTest2" classname="com.indusos.plusi.Wowmain">
    <skipped/>
  </testcase> <!-- ScrollTest2 -->
  <testcase name="WowEvents" classname="com.indusos.plusi.Wowmain">
    <skipped/>
  </testcase> <!-- WowEvents -->
</testsuite> <!-- com.indusos.plusi.Wowmain -->
