<?xml version="1.0" encoding="UTF-8"?>
<!-- Generated by org.testng.reporters.JUnitReportReporter -->
<testsuite skipped="0" hostname="Rajesh-IN11" name="com.minusone.indus.MinusoneDriver" tests="1" failures="0" timestamp="13 May 2018 06:32:20 GMT" time="0.032" errors="0">
  <testcase name="TestOne" time="0.032" classname="com.minusone.indus.MinusoneDriver"/>
</testsuite> <!-- com.minusone.indus.MinusoneDriver -->
